A D/GraphViewer////
A D/biaotest////
A D/bipartite////
A D/demo////
A D/equivalence////
A D/filter////
A D/filters////
A D/hyper////
A D/indexer////
A D/jdbc////
A D/lazy////
A D/newgraphdraw////
A D/sample////
A D/scott_newgraphdraw////
A D/simplegraph////
A D/southern////
A D/tasks////
A D/triads////
R D/tasks////
R D/southern////
R D/scott_newgraphdraw////
R D/newgraphdraw////
R D/jdbc////
R D/indexer////
R D/hyper////
R D/filters////
R D/filter////
R D/equivalence////
R D/demo////
R D/bipartite////
R D/biaotest////
R D/GraphViewer////
