A D/algorithms////
A D/api////
A D/eclipsebuilt////
A D/graph-impl////
A D/jung-2.0////
A D/jung-3d////
A D/jung-3d-demos////
A D/jung-algorithms////
A D/jung-api////
A D/jung-awt-rendering////
A D/jung-graph-impl////
A D/jung-io////
A D/jung-jai////
A D/jung-jai-samples////
A D/jung-samples////
A D/jung-swt-rendering////
A D/jung-swt-samples////
A D/jung-swt-visualization////
A D/jung-visualization////
A D/samples////
A D/visualization////
R D/visualization////
R D/samples////
R D/jung-swt-visualization////
R D/jung-swt-rendering////
R D/jung-awt-rendering////
R D/jung-2.0////
R D/graph-impl////
R D/eclipsebuilt////
R D/api////
R D/algorithms////
